<?xml version="1.0" encoding="UTF-8"?>
<!-- Generated by org.testng.reporters.JUnitXMLReporter -->
<testsuite ignored="0" hostname="DESKTOP-ND63JID" failures="0" tests="2" name="Default test" time="5.455" errors="0" timestamp="2021-01-18T20:30:24 EST">
  <testcase classname="com.upgrade.tests.LoginService_POST_Request" name="PostloginRequest_ValidCredentials" time="4.508"/>
  <testcase classname="com.upgrade.tests.LoginService_POST_Request" name="PostloginRequest_ValidCredentials" time="0.9"/>
</testsuite> <!-- Default test -->
