<?xml version="1.0" encoding="UTF-8"?>
<!-- Generated by org.testng.reporters.JUnitXMLReporter -->
<testsuite ignored="0" hostname="DESKTOP-ND63JID" failures="0" tests="3" name="Regression" time="43.568" errors="0" timestamp="2021-01-18T20:44:20 EST">
  <testcase classname="com.upgrade.tests.LoginService_POST_Request" name="PostloginRequest_ValidCredentials" time="4.2"/>
  <testcase classname="com.upgrade.tests.LoginService_POST_Request" name="PostloginRequest_ValidCredentials" time="0.849"/>
  <testcase classname="com.upgrade.tests.NewBorrowerFlowWeb_Test" name="signupFlowNewBorrowerUI" time="27.436"/>
</testsuite> <!-- Regression -->
