<?xml version="1.0" encoding="UTF-8"?>
<testsuite xmlns:xsi="http://www.w3.org/2001/XMLSchema-instance" xsi:schemaLocation="https://maven.apache.org/surefire/maven-surefire-plugin/xsd/surefire-test-report.xsd" name="TestSuite" time="44.637" tests="3" errors="0" skipped="0" failures="0">
  <properties>
[...]
</properties>
  <testcase name="PostloginRequest_ValidCredentials" classname="com.upgrade.tests.LoginService_POST_Request" time="4.203"/>
  <testcase name="PostloginRequest_ValidCredentials" classname="com.upgrade.tests.LoginService_POST_Request" time="0.849"/>
  <testcase name="signupFlowNewBorrowerUI" classname="com.upgrade.tests.NewBorrowerFlowWeb_Test" time="27.436"/>
</testsuite>